[22:22:17.189 Verbose] - BuildManager - C:\Program Files (x86)\Microsoft Visual Studio\2019\Enterprise\MSBuild\Current\Bin\Microsoft.Common.CurrentVersion.targets(5258,5): error MSB3073: 命令“if not exist "C:\Users\ZJ\Downloads\报单系统\源码\SmartStoreNET\src\.vs\SmartStoreNET\v16\lut\0\b\Tests\SmartStore.Data.Tests\bin\Debug\x86" md "C:\Users\ZJ\Downloads\报单系统\源码\SmartStoreNET\src\.vs\SmartStoreNET\v16\lut\0\b\Tests\SmartStore.Data.Tests\bin\Debug\x86" 
xcopy /s /y "C:\Users\ZJ\Downloads\报单系统\源码\SmartStoreNET\src\packages\SqlServerCompact.4.0.8482.1\NativeBinaries\x86\*.*" "C:\Users\ZJ\Downloads\报单系统\源码\SmartStoreNET\src\.vs\SmartStoreNET\v16\lut\0\b\Tests\SmartStore.Data.Tests\bin\Debug\x86"
if not exist "C:\Users\ZJ\Downloads\报单系统\源码\SmartStoreNET\src\.vs\SmartStoreNET\v16\lut\0\b\Tests\SmartStore.Data.Tests\bin\Debug\amd64" md "C:\Users\ZJ\Downloads\报单系统\源码\SmartStoreNET\src\.vs\SmartStoreNET\v16\lut\0\b\Tests\SmartStore.Data.Tests\bin\Debug\amd64"
xcopy /s /y "C:\Users\ZJ\Downloads\报单系统\源码\SmartStoreNET\src\packages\SqlServerCompact.4.0.8482.1\NativeBinaries\amd64\*.*" "C:\Users\ZJ\Downloads\报单系统\源码\SmartStoreNET\src\.vs\SmartStoreNET\v16\lut\0\b\Tests\SmartStore.Data.Tests\bin\Debug\amd64"
    if not exist "C:\Users\ZJ\Downloads\报单系统\源码\SmartStoreNET\src\.vs\SmartStoreNET\v16\lut\0\b\Tests\SmartStore.Data.Tests\bin\Debug\x86" md "C:\Users\ZJ\Downloads\报单系统\源码\SmartStoreNET\src\.vs\SmartStoreNET\v16\lut\0\b\Tests\SmartStore.Data.Tests\bin\Debug\x86"
    xcopy /s /y "C:\Users\ZJ\Downloads\报单系统\源码\SmartStoreNET\src\packages\Microsoft.SqlServer.Compact.4.0.8876.1\NativeBinaries\x86\*.*" "C:\Users\ZJ\Downloads\报单系统\源码\SmartStoreNET\src\.vs\SmartStoreNET\v16\lut\0\b\Tests\SmartStore.Data.Tests\bin\Debug\x86"
    if not exist "C:\Users\ZJ\Downloads\报单系统\源码\SmartStoreNET\src\.vs\SmartStoreNET\v16\lut\0\b\Tests\SmartStore.Data.Tests\bin\Debug\amd64" md "C:\Users\ZJ\Downloads\报单系统\源码\SmartStoreNET\src\.vs\SmartStoreNET\v16\lut\0\b\Tests\SmartStore.Data.Tests\bin\Debug\amd64"
    xcopy /s /y "C:\Users\ZJ\Downloads\报单系统\源码\SmartStoreNET\src\packages\Microsoft.SqlServer.Compact.4.0.8876.1\NativeBinaries\amd64\*.*" "C:\Users\ZJ\Downloads\报单系统\源码\SmartStoreNET\src\.vs\SmartStoreNET\v16\lut\0\b\Tests\SmartStore.Data.Tests\bin\Debug\amd64"”已退出，代码为 9009。
[22:22:17.193 Verbose] - BuildManager - Live Unit Testing 生成路径下缺少在 csproj 中定义的一些文件路径。请验证这些文件是否应在 Live Unit Testing 生成路径下，必要时请更新 csproj 定义以在其他位置查找这些文件。
[22:22:17.193 Verbose] - BuildManager - 通过以下方式计算的项 _OutputPathItem“C:\Users\ZJ\Downloads\报单系统\源码\SmartStoreNET\src\.vs\SmartStoreNET\v16\lut\0\b\Tests\SmartStore.Data.Tests\bin\Debug\”:
_OutputPathItem: '$(OutDir)' @ C:\Program Files (x86)\Microsoft Visual Studio\2019\Enterprise\MSBuild\Current\Bin\Microsoft.Common.CurrentVersion.targets:272
  OutDir: 'C:\Users\ZJ\Downloads\报单系统\源码\SmartStoreNET\src\.vs\SmartStoreNET\v16\lut\0\b\Tests\SmartStore.Data.Tests\bin\Debug\' @ C:\Users\ZJ\Downloads\报单系统\源码\SmartStoreNET\src\Tests\SmartStore.Data.Tests\SmartStore.Data.Tests.csproj:0
[22:22:17.193 Verbose] - BuildManager - 通过以下方式计算的项 _DebugSymbolsOutputPath“C:\Users\ZJ\Downloads\报单系统\源码\SmartStoreNET\src\.vs\SmartStoreNET\v16\lut\0\b\Tests\SmartStore.Data.Tests\bin\Debug\SmartStore.Data.Tests.pdb”:
_DebugSymbolsOutputPath: '@(_DebugSymbolsIntermediatePath->'$(OutDir)%(Filename)%(Extension)')' @ C:\Program Files (x86)\Microsoft Visual Studio\2019\Enterprise\MSBuild\Current\Bin\Microsoft.Common.CurrentVersion.targets:372
  OutDir: 'C:\Users\ZJ\Downloads\报单系统\源码\SmartStoreNET\src\.vs\SmartStoreNET\v16\lut\0\b\Tests\SmartStore.Data.Tests\bin\Debug\' @ C:\Users\ZJ\Downloads\报单系统\源码\SmartStoreNET\src\Tests\SmartStore.Data.Tests\SmartStore.Data.Tests.csproj:0
[22:22:17.193 Verbose] - BuildManager - 通过以下方式计算的项 _ApplicationManifestFinal“C:\Users\ZJ\Downloads\报单系统\源码\SmartStoreNET\src\.vs\SmartStoreNET\v16\lut\0\b\Tests\SmartStore.Data.Tests\bin\Debug\Native.SmartStore.Data.Tests.manifest”:
_ApplicationManifestFinal: '$(OutDir)$(_DeploymentTargetApplicationManifestFileName)' @ C:\Program Files (x86)\Microsoft Visual Studio\2019\Enterprise\MSBuild\Current\Bin\Microsoft.Common.CurrentVersion.targets:410
  OutDir: 'C:\Users\ZJ\Downloads\报单系统\源码\SmartStoreNET\src\.vs\SmartStoreNET\v16\lut\0\b\Tests\SmartStore.Data.Tests\bin\Debug\' @ C:\Users\ZJ\Downloads\报单系统\源码\SmartStoreNET\src\Tests\SmartStore.Data.Tests\SmartStore.Data.Tests.csproj:0
  _DeploymentTargetApplicationManifestFileName: 'Native.$(AssemblyName).manifest' @ C:\Program Files (x86)\Microsoft Visual Studio\2019\Enterprise\MSBuild\Current\Bin\Microsoft.Common.CurrentVersion.targets:228
    AssemblyName: 'SmartStore.Data.Tests' @ C:\Users\ZJ\Downloads\报单系统\源码\SmartStoreNET\src\Tests\SmartStore.Data.Tests\SmartStore.Data.Tests.csproj:14
